This is pdfTeX, Version 3.14159265-2.6-1.40.20 (TeX Live 2019/Debian) (preloaded format=pdflatex 2020.11.13)  15 DEC 2020 20:19
entering extended mode
 restricted \write18 enabled.
 %&-line parsing enabled.
**Gamma.tex
(./Gamma.tex
LaTeX2e <2020-02-02> patch level 2
L3 programming layer <2020-02-14>
(/usr/share/texlive/texmf-dist/tex/latex/base/book.cls
Document Class: book 2019/12/20 v1.4l Standard LaTeX document class
(/usr/share/texlive/texmf-dist/tex/latex/base/bk12.clo
File: bk12.clo 2019/12/20 v1.4l Standard LaTeX file (size option)
)
\c@part=\count167
\c@chapter=\count168
\c@section=\count169
\c@subsection=\count170
\c@subsubsection=\count171
\c@paragraph=\count172
\c@subparagraph=\count173
\c@figure=\count174
\c@table=\count175
\abovecaptionskip=\skip47
\belowcaptionskip=\skip48
\bibindent=\dimen134
)
(/usr/share/texlive/texmf-dist/tex/latex/amsmath/amsmath.sty
Package: amsmath 2020/01/20 v2.17e AMS math features
\@mathmargin=\skip49

For additional information on amsmath, use the `?' option.
(/usr/share/texlive/texmf-dist/tex/latex/amsmath/amstext.sty
Package: amstext 2000/06/29 v2.01 AMS text

(/usr/share/texlive/texmf-dist/tex/latex/amsmath/amsgen.sty
File: amsgen.sty 1999/11/30 v2.0 generic functions
\@emptytoks=\toks14
\ex@=\dimen135
))
(/usr/share/texlive/texmf-dist/tex/latex/amsmath/amsbsy.sty
Package: amsbsy 1999/11/29 v1.2d Bold Symbols
\pmbraise@=\dimen136
)
(/usr/share/texlive/texmf-dist/tex/latex/amsmath/amsopn.sty
Package: amsopn 2016/03/08 v2.02 operator names
)
\inf@bad=\count176
LaTeX Info: Redefining \frac on input line 227.
\uproot@=\count177
\leftroot@=\count178
LaTeX Info: Redefining \overline on input line 389.
\classnum@=\count179
\DOTSCASE@=\count180
LaTeX Info: Redefining \ldots on input line 486.
LaTeX Info: Redefining \dots on input line 489.
LaTeX Info: Redefining \cdots on input line 610.
\Mathstrutbox@=\box45
\strutbox@=\box46
\big@size=\dimen137
LaTeX Font Info:    Redeclaring font encoding OML on input line 733.
LaTeX Font Info:    Redeclaring font encoding OMS on input line 734.
\macc@depth=\count181
\c@MaxMatrixCols=\count182
\dotsspace@=\muskip16
\c@parentequation=\count183
\dspbrk@lvl=\count184
\tag@help=\toks15
\row@=\count185
\column@=\count186
\maxfields@=\count187
\andhelp@=\toks16
\eqnshift@=\dimen138
\alignsep@=\dimen139
\tagshift@=\dimen140
\tagwidth@=\dimen141
\totwidth@=\dimen142
\lineht@=\dimen143
\@envbody=\toks17
\multlinegap=\skip50
\multlinetaggap=\skip51
\mathdisplay@stack=\toks18
LaTeX Info: Redefining \[ on input line 2859.
LaTeX Info: Redefining \] on input line 2860.
)
(/usr/share/texlive/texmf-dist/tex/latex/amscls/amsthm.sty
Package: amsthm 2017/10/31 v2.20.4
\thm@style=\toks19
\thm@bodyfont=\toks20
\thm@headfont=\toks21
\thm@notefont=\toks22
\thm@headpunct=\toks23
\thm@preskip=\skip52
\thm@postskip=\skip53
\thm@headsep=\skip54
\dth@everypar=\toks24
)
(/usr/share/texlive/texmf-dist/tex/latex/amsfonts/amsfonts.sty
Package: amsfonts 2013/01/14 v3.01 Basic AMSFonts support
\symAMSa=\mathgroup4
\symAMSb=\mathgroup5
LaTeX Font Info:    Redeclaring math symbol \hbar on input line 98.
LaTeX Font Info:    Overwriting math alphabet `\mathfrak' in version `bold'
(Font)                  U/euf/m/n --> U/euf/b/n on input line 106.
)
(/usr/share/texlive/texmf-dist/tex/latex/amsfonts/amssymb.sty
Package: amssymb 2013/01/14 v3.01 AMS font symbols
)
(/usr/share/texlive/texmf-dist/tex/latex/amsmath/amscd.sty
Package: amscd 2017/04/14 v2.1 AMS Commutative Diagrams
\athelp@=\toks25
\minaw@=\dimen144
\bigaw@=\dimen145
\minCDarrowwidth=\dimen146
)
(/usr/share/texlive/texmf-dist/tex/latex/amsfonts/eucal.sty
Package: eucal 2009/06/22 v3.00 Euler Script fonts
LaTeX Font Info:    Overwriting math alphabet `\EuScript' in version `bold'
(Font)                  U/eus/m/n --> U/eus/b/n on input line 33.
)
(/usr/share/texlive/texmf-dist/tex/latex/tools/enumerate.sty
Package: enumerate 2015/07/23 v3.00 enumerate extensions (DPC)
\@enLab=\toks26
)
(/usr/share/texlive/texmf-dist/tex/latex/base/inputenc.sty
Package: inputenc 2018/08/11 v1.3c Input encoding file
\inpenc@prehook=\toks27
\inpenc@posthook=\toks28
)
(/usr/share/texlive/texmf-dist/tex/generic/babel/babel.sty
Package: babel 2020/02/14 3.40 The Babel package

(/usr/share/texlive/texmf-dist/tex/generic/babel/switch.def
File: switch.def 2020/02/14 3.40 Babel switching mechanism
)
(/usr/share/texlive/texmf-dist/tex/generic/babel-spanish/spanish.ldf
Language: spanish.ldf 2016/03/03 v5.0p Spanish support from the babel system

(/usr/share/texlive/texmf-dist/tex/generic/babel/babel.def
File: babel.def 2020/02/14 3.40 Babel common definitions
\babel@savecnt=\count188
\U@D=\dimen147

(/usr/share/texlive/texmf-dist/tex/generic/babel/txtbabel.def)
\bbl@readstream=\read2
\bbl@dirlevel=\count189
)
\es@quottoks=\toks29
\es@quotdepth=\count190
Package babel Info: Making " an active character on input line 561.
Package babel Info: Making . an active character on input line 662.
Package babel Info: Making < an active character on input line 707.
Package babel Info: Making > an active character on input line 707.
))
(/usr/share/texlive/texmf-dist/tex/latex/graphics/graphics.sty
Package: graphics 2019/11/30 v1.4a Standard LaTeX Graphics (DPC,SPQR)

(/usr/share/texlive/texmf-dist/tex/latex/graphics/trig.sty
Package: trig 2016/01/03 v1.10 sin cos tan (DPC)
)
(/usr/share/texlive/texmf-dist/tex/latex/graphics-cfg/graphics.cfg
File: graphics.cfg 2016/06/04 v1.11 sample graphics configuration
)
Package graphics Info: Driver file: pdftex.def on input line 105.

(/usr/share/texlive/texmf-dist/tex/latex/graphics-def/pdftex.def
File: pdftex.def 2018/01/08 v1.0l Graphics/color driver for pdftex
))
(/usr/share/texlive/texmf-dist/tex/latex/graphics/graphicx.sty
Package: graphicx 2019/11/30 v1.2a Enhanced LaTeX Graphics (DPC,SPQR)

(/usr/share/texlive/texmf-dist/tex/latex/graphics/keyval.sty
Package: keyval 2014/10/28 v1.15 key=value parser (DPC)
\KV@toks@=\toks30
)
\Gin@req@height=\dimen148
\Gin@req@width=\dimen149
)
(/usr/share/texlive/texmf-dist/tex/latex/hyperref/hyperref.sty
Package: hyperref 2020/01/14 v7.00d Hypertext links for LaTeX

(/usr/share/texlive/texmf-dist/tex/generic/ltxcmds/ltxcmds.sty
Package: ltxcmds 2019/12/15 v1.24 LaTeX kernel commands for general use (HO)
)
(/usr/share/texlive/texmf-dist/tex/generic/iftex/iftex.sty
Package: iftex 2019/11/07 v1.0c TeX engine tests
)
(/usr/share/texlive/texmf-dist/tex/latex/pdftexcmds/pdftexcmds.sty
Package: pdftexcmds 2019/11/24 v0.31 Utility functions of pdfTeX for LuaTeX (HO
)

(/usr/share/texlive/texmf-dist/tex/generic/infwarerr/infwarerr.sty
Package: infwarerr 2019/12/03 v1.5 Providing info/warning/error messages (HO)
)
Package pdftexcmds Info: \pdf@primitive is available.
Package pdftexcmds Info: \pdf@ifprimitive is available.
Package pdftexcmds Info: \pdfdraftmode found.
)
(/usr/share/texlive/texmf-dist/tex/generic/kvsetkeys/kvsetkeys.sty
Package: kvsetkeys 2019/12/15 v1.18 Key value parser (HO)
)
(/usr/share/texlive/texmf-dist/tex/generic/kvdefinekeys/kvdefinekeys.sty
Package: kvdefinekeys 2019-12-19 v1.6 Define keys (HO)
)
(/usr/share/texlive/texmf-dist/tex/generic/pdfescape/pdfescape.sty
Package: pdfescape 2019/12/09 v1.15 Implements pdfTeX's escape features (HO)
)
(/usr/share/texlive/texmf-dist/tex/latex/hycolor/hycolor.sty
Package: hycolor 2020-01-27 v1.10 Color options for hyperref/bookmark (HO)
)
(/usr/share/texlive/texmf-dist/tex/latex/letltxmacro/letltxmacro.sty
Package: letltxmacro 2019/12/03 v1.6 Let assignment for LaTeX macros (HO)
)
(/usr/share/texlive/texmf-dist/tex/latex/auxhook/auxhook.sty
Package: auxhook 2019-12-17 v1.6 Hooks for auxiliary files (HO)
)
(/usr/share/texlive/texmf-dist/tex/latex/kvoptions/kvoptions.sty
Package: kvoptions 2019/11/29 v3.13 Key value format for package options (HO)
)
\@linkdim=\dimen150
\Hy@linkcounter=\count191
\Hy@pagecounter=\count192

(/usr/share/texlive/texmf-dist/tex/latex/hyperref/pd1enc.def
File: pd1enc.def 2020/01/14 v7.00d Hyperref: PDFDocEncoding definition (HO)
Now handling font encoding PD1 ...
... no UTF-8 mapping file for font encoding PD1
)
(/usr/share/texlive/texmf-dist/tex/generic/intcalc/intcalc.sty
Package: intcalc 2019/12/15 v1.3 Expandable calculations with integers (HO)
)
(/usr/share/texlive/texmf-dist/tex/generic/etexcmds/etexcmds.sty
Package: etexcmds 2019/12/15 v1.7 Avoid name clashes with e-TeX commands (HO)
)
\Hy@SavedSpaceFactor=\count193
\pdfmajorversion=\count194
Package hyperref Info: Hyper figures OFF on input line 4547.
Package hyperref Info: Link nesting OFF on input line 4552.
Package hyperref Info: Hyper index ON on input line 4555.
Package hyperref Info: Plain pages OFF on input line 4562.
Package hyperref Info: Backreferencing OFF on input line 4567.
Package hyperref Info: Implicit mode ON; LaTeX internals redefined.
Package hyperref Info: Bookmarks ON on input line 4800.
\c@Hy@tempcnt=\count195

(/usr/share/texlive/texmf-dist/tex/latex/url/url.sty
\Urlmuskip=\muskip17
Package: url 2013/09/16  ver 3.4  Verb mode for urls, etc.
)
LaTeX Info: Redefining \url on input line 5159.
\XeTeXLinkMargin=\dimen151

(/usr/share/texlive/texmf-dist/tex/generic/bitset/bitset.sty
Package: bitset 2019/12/09 v1.3 Handle bit-vector datatype (HO)

(/usr/share/texlive/texmf-dist/tex/generic/bigintcalc/bigintcalc.sty
Package: bigintcalc 2019/12/15 v1.5 Expandable calculations on big integers (HO
)
))
\Fld@menulength=\count196
\Field@Width=\dimen152
\Fld@charsize=\dimen153
Package hyperref Info: Hyper figures OFF on input line 6430.
Package hyperref Info: Link nesting OFF on input line 6435.
Package hyperref Info: Hyper index ON on input line 6438.
Package hyperref Info: backreferencing OFF on input line 6445.
Package hyperref Info: Link coloring OFF on input line 6450.
Package hyperref Info: Link coloring with OCG OFF on input line 6455.
Package hyperref Info: PDF/A mode OFF on input line 6460.
LaTeX Info: Redefining \ref on input line 6500.
LaTeX Info: Redefining \pageref on input line 6504.

(/usr/share/texlive/texmf-dist/tex/generic/atbegshi/atbegshi.sty
Package: atbegshi 2019/12/05 v1.19 At begin shipout hook (HO)
)
\Hy@abspage=\count197
\c@Item=\count198
\c@Hfootnote=\count199
)
Package hyperref Info: Driver (autodetected): hpdftex.

(/usr/share/texlive/texmf-dist/tex/latex/hyperref/hpdftex.def
File: hpdftex.def 2020/01/14 v7.00d Hyperref driver for pdfTeX

(/usr/share/texlive/texmf-dist/tex/latex/atveryend/atveryend.sty
Package: atveryend 2019-12-11 v1.11 Hooks at the very end of document (HO)
Package atveryend Info: \enddocument detected (standard20110627).
)
\Fld@listcount=\count266
\c@bookmark@seq@number=\count267

(/usr/share/texlive/texmf-dist/tex/latex/rerunfilecheck/rerunfilecheck.sty
Package: rerunfilecheck 2019/12/05 v1.9 Rerun checks for auxiliary files (HO)

(/usr/share/texlive/texmf-dist/tex/generic/uniquecounter/uniquecounter.sty
Package: uniquecounter 2019/12/15 v1.4 Provide unlimited unique counter (HO)
)
Package uniquecounter Info: New unique counter `rerunfilecheck' on input line 2
86.
)
\Hy@SectionHShift=\skip55
)
(/usr/share/texlive/texmf-dist/tex/latex/fancyhdr/fancyhdr.sty
Package: fancyhdr 2019/01/31 v3.10 Extensive control of page headers and footer
s
\f@nch@headwidth=\skip56
\f@nch@O@elh=\skip57
\f@nch@O@erh=\skip58
\f@nch@O@olh=\skip59
\f@nch@O@orh=\skip60
\f@nch@O@elf=\skip61
\f@nch@O@erf=\skip62
\f@nch@O@olf=\skip63
\f@nch@O@orf=\skip64
)
(/usr/share/texlive/texmf-dist/tex/latex/titlesec/titlesec.sty
Package: titlesec 2019/10/16 v2.13 Sectioning titles
\ttl@box=\box47
\beforetitleunit=\skip65
\aftertitleunit=\skip66
\ttl@plus=\dimen154
\ttl@minus=\dimen155
\ttl@toksa=\toks31
\titlewidth=\dimen156
\titlewidthlast=\dimen157
\titlewidthfirst=\dimen158
)
(/usr/share/texlive/texmf-dist/tex/latex/graphics/color.sty
Package: color 2019/11/23 v1.2a Standard LaTeX Color (DPC)

(/usr/share/texlive/texmf-dist/tex/latex/graphics-cfg/color.cfg
File: color.cfg 2016/01/02 v1.6 sample color configuration
)
Package color Info: Driver file: pdftex.def on input line 147.
)
\c@theorem=\count268
\@indexfile=\write3
\openout3 = `Gamma.idx'.


Writing index file Gamma.idx
(/usr/share/texlive/texmf-dist/tex/latex/l3backend/l3backend-pdfmode.def
File: l3backend-pdfmode.def 2020-02-03 L3 backend support: PDF mode
\l__kernel_color_stack_int=\count269
\l__pdf_internal_box=\box48
)
(./Gamma.aux (./Front.aux)
LaTeX Info: Redefining \. on input line 25.
LaTeX Info: Redefining \% on input line 25.
 (./Abstract.aux) (./Introduction.aux)
(./Chapter1.aux) (./Chapter2.aux) (./Chapter3.aux) (./Chapter4.aux)
(./Conclusions.aux) (./Bibliography.aux))
\openout1 = `Gamma.aux'.

LaTeX Font Info:    Checking defaults for OML/cmm/m/it on input line 42.
LaTeX Font Info:    ... okay on input line 42.
LaTeX Font Info:    Checking defaults for OMS/cmsy/m/n on input line 42.
LaTeX Font Info:    ... okay on input line 42.
LaTeX Font Info:    Checking defaults for OT1/cmr/m/n on input line 42.
LaTeX Font Info:    ... okay on input line 42.
LaTeX Font Info:    Checking defaults for T1/cmr/m/n on input line 42.
LaTeX Font Info:    ... okay on input line 42.
LaTeX Font Info:    Checking defaults for TS1/cmr/m/n on input line 42.
LaTeX Font Info:    ... okay on input line 42.
LaTeX Font Info:    Checking defaults for OMX/cmex/m/n on input line 42.
LaTeX Font Info:    ... okay on input line 42.
LaTeX Font Info:    Checking defaults for U/cmr/m/n on input line 42.
LaTeX Font Info:    ... okay on input line 42.
LaTeX Font Info:    Checking defaults for PD1/pdf/m/n on input line 42.
LaTeX Font Info:    ... okay on input line 42.
LaTeX Info: Redefining \. on input line 42.
LaTeX Info: Redefining \% on input line 42.

(/usr/share/texlive/texmf-dist/tex/context/base/mkii/supp-pdf.mkii
[Loading MPS to PDF converter (version 2006.09.02).]
\scratchcounter=\count270
\scratchdimen=\dimen159
\scratchbox=\box49
\nofMPsegments=\count271
\nofMParguments=\count272
\everyMPshowfont=\toks32
\MPscratchCnt=\count273
\MPscratchDim=\dimen160
\MPnumerator=\count274
\makeMPintoPDFobject=\count275
\everyMPtoPDFconversion=\toks33
) (/usr/share/texlive/texmf-dist/tex/latex/epstopdf-pkg/epstopdf-base.sty
Package: epstopdf-base 2020-01-24 v2.11 Base part for package epstopdf
Package epstopdf-base Info: Redefining graphics rule for `.eps' on input line 4
85.

(/usr/share/texlive/texmf-dist/tex/latex/latexconfig/epstopdf-sys.cfg
File: epstopdf-sys.cfg 2010/07/13 v1.3 Configuration of (r)epstopdf for TeX Liv
e
))
\AtBeginShipoutBox=\box50
Package hyperref Info: Link coloring OFF on input line 42.

(/usr/share/texlive/texmf-dist/tex/latex/hyperref/nameref.sty
Package: nameref 2019/09/16 v2.46 Cross-referencing by name of section

(/usr/share/texlive/texmf-dist/tex/latex/refcount/refcount.sty
Package: refcount 2019/12/15 v3.6 Data extraction from label references (HO)
)
(/usr/share/texlive/texmf-dist/tex/generic/gettitlestring/gettitlestring.sty
Package: gettitlestring 2019/12/15 v1.6 Cleanup title references (HO)
)
\c@section@level=\count276
)
LaTeX Info: Redefining \ref on input line 42.
LaTeX Info: Redefining \pageref on input line 42.
LaTeX Info: Redefining \nameref on input line 42.

(./Gamma.out) (./Gamma.out)
\@outlinefile=\write4
\openout4 = `Gamma.out'.

\openout2 = `Front.aux'.

 (./Front.tex
Package epstopdf Info: Source file: <logoutolima.eps>
(epstopdf)                    date: 2006-02-15 20:17:36
(epstopdf)                    size: 16823 bytes
(epstopdf)             Output file: <logoutolima-eps-converted-to.pdf>
(epstopdf)                    date: 2020-02-24 00:29:51
(epstopdf)                    size: 6188 bytes
(epstopdf)             Command: <repstopdf --outfile=logoutolima-eps-converted-
to.pdf logoutolima.eps>
(epstopdf)             \includegraphics on input line 10.
Package epstopdf Info: Output file is already uptodate.


pdfTeX warning: /usr/bin/pdflatex (file ./logoutolima-eps-converted-to.pdf): PD
F inclusion: found PDF version <1.7>, but at most version <1.5> allowed
<logoutolima-eps-converted-to.pdf, id=56, 47.17625pt x 56.21pt>
File: logoutolima-eps-converted-to.pdf Graphic file (type pdf)
<use logoutolima-eps-converted-to.pdf>
Package pdftex.def Info: logoutolima-eps-converted-to.pdf  used on input line 1
0.
(pdftex.def)             Requested size: 47.17612pt x 56.20985pt.
[1



{/var/lib/texmf/fonts/map/pdftex/updmap/pdftex.map} <./logoutolima-eps-converte
d-to.pdf>] [2])
\openout2 = `Abstract.aux'.

 (./Abstract.tex
LaTeX Font Info:    Trying to load font information for U+msa on input line 9.

(/usr/share/texlive/texmf-dist/tex/latex/amsfonts/umsa.fd
File: umsa.fd 2013/01/14 v3.01 AMS symbols A
)
LaTeX Font Info:    Trying to load font information for U+msb on input line 9.

(/usr/share/texlive/texmf-dist/tex/latex/amsfonts/umsb.fd
File: umsb.fd 2013/01/14 v3.01 AMS symbols B
) [3


]) (./Gamma.toc
LaTeX Info: Redefining \. on input line 1.
LaTeX Info: Redefining \% on input line 1.
)
\tf@toc=\write5
\openout5 = `Gamma.toc'.


[4


] (./Gamma.lof
LaTeX Info: Redefining \. on input line 1.
LaTeX Info: Redefining \% on input line 1.
)
\tf@lof=\write6
\openout6 = `Gamma.lof'.

 [5

]

Package Fancyhdr Warning: \fancyhead's `E' option without twoside option is use
less on input line 60.


Package Fancyhdr Warning: \fancyhead's `E' option without twoside option is use
less on input line 62.

LaTeX Info: Redefining \bfseries on input line 80.
\openout2 = `Introduction.aux'.

(./Introduction.tex [7



]
LaTeX Font Info:    Trying to load font information for OMS+cmtt on input line 
13.
LaTeX Font Info:    No file OMScmtt.fd. on input line 13.


LaTeX Font Warning: Font shape `OMS/cmtt/m/n' undefined
(Font)              using `OMS/cmsy/m/n' instead
(Font)              for symbol `textbackslash' on input line 13.

LaTeX Font Info:    Trying to load font information for OT1+rom on input line 1
6.
LaTeX Font Info:    No file OT1rom.fd. on input line 16.

LaTeX Font Warning: Font shape `OT1/rom/m/n' undefined
(Font)              using `OT1/cmr/m/n' instead on input line 16.

[8]) [9]
\openout2 = `Chapter1.aux'.

 (./Chapter1.tex
Cap\'{\i }tulo 1.
[10



]
<NumTriang.JPG, id=146, 788.9475pt x 191.21437pt>
File: NumTriang.JPG Graphic file (type jpg)
<use NumTriang.JPG>
Package pdftex.def Info: NumTriang.JPG  used on input line 20.
(pdftex.def)             Requested size: 394.47278pt x 95.60695pt.

Overfull \hbox (4.47278pt too wide) in paragraph at lines 20--21
 [] 
 []

LaTeX Info: Redefining \. on input line 31.
LaTeX Info: Redefining \% on input line 31.
[11 <./NumTriang.JPG>]
LaTeX Info: Redefining \. on input line 45.
LaTeX Info: Redefining \% on input line 45.
 [12]
Package epstopdf Info: Source file: <figura1_2.eps>
(epstopdf)                    date: 2020-02-24 00:39:16
(epstopdf)                    size: 8746 bytes
(epstopdf)             Output file: <figura1_2-eps-converted-to.pdf>
(epstopdf)                    date: 2020-02-24 01:20:30
(epstopdf)                    size: 5907 bytes
(epstopdf)             Command: <repstopdf --outfile=figura1_2-eps-converted-to
.pdf figura1_2.eps>
(epstopdf)             \includegraphics on input line 56.
Package epstopdf Info: Output file is already uptodate.


pdfTeX warning: /usr/bin/pdflatex (file ./figura1_2-eps-converted-to.pdf): PDF 
inclusion: found PDF version <1.7>, but at most version <1.5> allowed
<figura1_2-eps-converted-to.pdf, id=161, 578.16pt x 433.62pt>
File: figura1_2-eps-converted-to.pdf Graphic file (type pdf)
<use figura1_2-eps-converted-to.pdf>
Package pdftex.def Info: figura1_2-eps-converted-to.pdf  used on input line 56.

(pdftex.def)             Requested size: 289.07928pt x 216.80946pt.
Package epstopdf Info: Source file: <figura1_3.eps>
(epstopdf)                    date: 2020-02-24 01:29:28
(epstopdf)                    size: 7213 bytes
(epstopdf)             Output file: <figura1_3-eps-converted-to.pdf>
(epstopdf)                    date: 2020-02-24 01:31:20
(epstopdf)                    size: 4814 bytes
(epstopdf)             Command: <repstopdf --outfile=figura1_3-eps-converted-to
.pdf figura1_3.eps>
(epstopdf)             \includegraphics on input line 63.
Package epstopdf Info: Output file is already uptodate.


pdfTeX warning: /usr/bin/pdflatex (file ./figura1_3-eps-converted-to.pdf): PDF 
inclusion: found PDF version <1.7>, but at most version <1.5> allowed
<figura1_3-eps-converted-to.pdf, id=162, 578.16pt x 433.62pt>
File: figura1_3-eps-converted-to.pdf Graphic file (type pdf)
<use figura1_3-eps-converted-to.pdf>
Package pdftex.def Info: figura1_3-eps-converted-to.pdf  used on input line 63.

(pdftex.def)             Requested size: 289.07928pt x 216.80946pt.
LaTeX Info: Redefining \. on input line 75.
LaTeX Info: Redefining \% on input line 75.
[13]
LaTeX Info: Redefining \. on input line 75.
LaTeX Info: Redefining \% on input line 75.
 [14 <./figura1_2-eps-converted-to.pdf> <./figura1_3-eps-converted-to.pdf>]
LaTeX Info: Redefining \. on input line 99.
LaTeX Info: Redefining \% on input line 99.
[15]
Package epstopdf Info: Source file: <figura1_4.eps>
(epstopdf)                    date: 2020-02-25 00:10:17
(epstopdf)                    size: 8676 bytes
(epstopdf)             Output file: <figura1_4-eps-converted-to.pdf>
(epstopdf)                    date: 2020-02-25 00:16:31
(epstopdf)                    size: 5506 bytes
(epstopdf)             Command: <repstopdf --outfile=figura1_4-eps-converted-to
.pdf figura1_4.eps>
(epstopdf)             \includegraphics on input line 103.
Package epstopdf Info: Output file is already uptodate.


pdfTeX warning: /usr/bin/pdflatex (file ./figura1_4-eps-converted-to.pdf): PDF 
inclusion: found PDF version <1.7>, but at most version <1.5> allowed
<figura1_4-eps-converted-to.pdf, id=194, 578.16pt x 433.62pt>
File: figura1_4-eps-converted-to.pdf Graphic file (type pdf)
<use figura1_4-eps-converted-to.pdf>
Package pdftex.def Info: figura1_4-eps-converted-to.pdf  used on input line 103
.
(pdftex.def)             Requested size: 289.07928pt x 216.80946pt.

Package amsmath Warning: Foreign command \over;
(amsmath)                \frac or \genfrac should be used instead
(amsmath)                 on input line 114.

LaTeX Info: Redefining \. on input line 115.
LaTeX Info: Redefining \% on input line 115.
[16]
LaTeX Info: Redefining \. on input line 118.
LaTeX Info: Redefining \% on input line 118.
 [17 <./figura1_4-eps-converted-to.pdf>]
LaTeX Info: Redefining \. on input line 128.
LaTeX Info: Redefining \% on input line 128.
 [18]
LaTeX Info: Redefining \. on input line 135.
LaTeX Info: Redefining \% on input line 135.
 [19]
Package epstopdf Info: Source file: <figura1_5.eps>
(epstopdf)                    date: 2020-07-11 20:22:01
(epstopdf)                    size: 440038 bytes
(epstopdf)             Output file: <figura1_5-eps-converted-to.pdf>
(epstopdf)                    date: 2020-07-11 20:23:25
(epstopdf)                    size: 146693 bytes
(epstopdf)             Command: <repstopdf --outfile=figura1_5-eps-converted-to
.pdf figura1_5.eps>
(epstopdf)             \includegraphics on input line 138.
Package epstopdf Info: Output file is already uptodate.


pdfTeX warning: /usr/bin/pdflatex (file ./figura1_5-eps-converted-to.pdf): PDF 
inclusion: found PDF version <1.7>, but at most version <1.5> allowed
<figura1_5-eps-converted-to.pdf, id=219, 578.16pt x 433.62pt>
File: figura1_5-eps-converted-to.pdf Graphic file (type pdf)
<use figura1_5-eps-converted-to.pdf>
Package pdftex.def Info: figura1_5-eps-converted-to.pdf  used on input line 138
.
(pdftex.def)             Requested size: 404.70924pt x 303.53192pt.

Overfull \hbox (14.70924pt too wide) in paragraph at lines 138--139
 [] 
 []

LaTeX Info: Redefining \. on input line 151.
LaTeX Info: Redefining \% on input line 151.
[20 <./figura1_5-eps-converted-to.pdf>]
Package epstopdf Info: Source file: <figura1_6.eps>
(epstopdf)                    date: 2020-03-01 00:14:10
(epstopdf)                    size: 15487 bytes
(epstopdf)             Output file: <figura1_6-eps-converted-to.pdf>
(epstopdf)                    date: 2020-03-01 00:15:22
(epstopdf)                    size: 8678 bytes
(epstopdf)             Command: <repstopdf --outfile=figura1_6-eps-converted-to
.pdf figura1_6.eps>
(epstopdf)             \includegraphics on input line 155.
Package epstopdf Info: Output file is already uptodate.


pdfTeX warning: /usr/bin/pdflatex (file ./figura1_6-eps-converted-to.pdf): PDF 
inclusion: found PDF version <1.7>, but at most version <1.5> allowed
<figura1_6-eps-converted-to.pdf, id=235, 578.16pt x 433.62pt>
File: figura1_6-eps-converted-to.pdf Graphic file (type pdf)
<use figura1_6-eps-converted-to.pdf>
Package pdftex.def Info: figura1_6-eps-converted-to.pdf  used on input line 155
.
(pdftex.def)             Requested size: 289.07928pt x 216.80946pt.
Package epstopdf Info: Source file: <figura1_7.eps>
(epstopdf)                    date: 2020-08-21 14:22:55
(epstopdf)                    size: 16338 bytes
(epstopdf)             Output file: <figura1_7-eps-converted-to.pdf>
(epstopdf)                    date: 2020-08-21 14:23:21
(epstopdf)                    size: 10189 bytes
(epstopdf)             Command: <repstopdf --outfile=figura1_7-eps-converted-to
.pdf figura1_7.eps>
(epstopdf)             \includegraphics on input line 163.
Package epstopdf Info: Output file is already uptodate.


pdfTeX warning: /usr/bin/pdflatex (file ./figura1_7-eps-converted-to.pdf): PDF 
inclusion: found PDF version <1.7>, but at most version <1.5> allowed
<figura1_7-eps-converted-to.pdf, id=237, 578.16pt x 433.62pt>
File: figura1_7-eps-converted-to.pdf Graphic file (type pdf)
<use figura1_7-eps-converted-to.pdf>
Package pdftex.def Info: figura1_7-eps-converted-to.pdf  used on input line 163
.
(pdftex.def)             Requested size: 289.07928pt x 216.80946pt.
LaTeX Info: Redefining \. on input line 168.
LaTeX Info: Redefining \% on input line 168.
[21 <./figura1_6-eps-converted-to.pdf>]
LaTeX Info: Redefining \. on input line 171.
LaTeX Info: Redefining \% on input line 171.
 [22 <./figura1_7-eps-converted-to.pdf>]
LaTeX Info: Redefining \. on input line 193.
LaTeX Info: Redefining \% on input line 193.
[23]
LaTeX Info: Redefining \. on input line 209.
LaTeX Info: Redefining \% on input line 209.
 [24]
LaTeX Info: Redefining \. on input line 224.
LaTeX Info: Redefining \% on input line 224.
 [25]
LaTeX Info: Redefining \. on input line 231.
LaTeX Info: Redefining \% on input line 231.
 [26]
LaTeX Info: Redefining \. on input line 245.
LaTeX Info: Redefining \% on input line 245.
 [27])
LaTeX Info: Redefining \. on input line 89.
LaTeX Info: Redefining \% on input line 89.
 [28]
\openout2 = `Chapter2.aux'.

 (./Chapter2.tex
Cap\'{\i }tulo 2.

Package hyperref Warning: Token not allowed in a PDF string (PDFDocEncoding):
(hyperref)                removing `math shift' on input line 3.


Package hyperref Warning: Token not allowed in a PDF string (PDFDocEncoding):
(hyperref)                removing `math shift' on input line 3.

Package epstopdf Info: Source file: <convexo.eps>
(epstopdf)                    date: 2020-08-25 08:59:46
(epstopdf)                    size: 1056165 bytes
(epstopdf)             Output file: <convexo-eps-converted-to.pdf>
(epstopdf)                    date: 2020-08-25 11:27:37
(epstopdf)                    size: 221628 bytes
(epstopdf)             Command: <repstopdf --outfile=convexo-eps-converted-to.p
df convexo.eps>
(epstopdf)             \includegraphics on input line 12.
Package epstopdf Info: Output file is already uptodate.


pdfTeX warning: /usr/bin/pdflatex (file ./convexo-eps-converted-to.pdf): PDF in
clusion: found PDF version <1.7>, but at most version <1.5> allowed
<convexo-eps-converted-to.pdf, id=288, 421.575pt x 284.06125pt>
File: convexo-eps-converted-to.pdf Graphic file (type pdf)
<use convexo-eps-converted-to.pdf>
Package pdftex.def Info: convexo-eps-converted-to.pdf  used on input line 12.
(pdftex.def)             Requested size: 210.78697pt x 142.03026pt.
[29



]
LaTeX Info: Redefining \. on input line 29.
LaTeX Info: Redefining \% on input line 29.
 [30 <./convexo-eps-converted-to.pdf>]
Overfull \hbox (0.61156pt too wide) detected at line 52
[]
 []

LaTeX Info: Redefining \. on input line 52.
LaTeX Info: Redefining \% on input line 52.
[31]
LaTeX Info: Redefining \. on input line 61.
LaTeX Info: Redefining \% on input line 61.
 [32]
LaTeX Info: Redefining \. on input line 71.
LaTeX Info: Redefining \% on input line 71.
 [33]
Overfull \hbox (1.89409pt too wide) detected at line 77
[]
 []

LaTeX Info: Redefining \. on input line 79.
LaTeX Info: Redefining \% on input line 79.
[34]
LaTeX Info: Redefining \. on input line 94.
LaTeX Info: Redefining \% on input line 94.
 [35]
LaTeX Info: Redefining \. on input line 105.
LaTeX Info: Redefining \% on input line 105.
 [36]
LaTeX Info: Redefining \. on input line 113.
LaTeX Info: Redefining \% on input line 113.
 [37]
LaTeX Info: Redefining \. on input line 131.
LaTeX Info: Redefining \% on input line 131.
 [38]
LaTeX Info: Redefining \. on input line 142.
LaTeX Info: Redefining \% on input line 142.
 [39]
LaTeX Info: Redefining \. on input line 160.
LaTeX Info: Redefining \% on input line 160.
 [40]
Overfull \hbox (5.64116pt too wide) in paragraph at lines 172--173
[]\OT1/cmr/m/n/12 Si su-ma-mos y res-ta-mos $\OML/cmm/m/it/12 x [] n$ \OT1/cmr/
m/n/12 a la ex-pre-si^^Son del t^^Sermino ge-ne-ral de $\OMS/cmtt/m/n/12 f\OML/
cmm/m/it/12 u[]\OMS/cmtt/m/n/12 g[]\OML/cmm/m/it/12 ;$
 []

LaTeX Info: Redefining \. on input line 180.
LaTeX Info: Redefining \% on input line 180.
[41]
LaTeX Info: Redefining \. on input line 196.
LaTeX Info: Redefining \% on input line 196.
 [42]
LaTeX Info: Redefining \. on input line 214.
LaTeX Info: Redefining \% on input line 214.
 [43]
LaTeX Info: Redefining \. on input line 220.
LaTeX Info: Redefining \% on input line 220.
 [44]

LaTeX Font Warning: Font shape `OMS/cmtt/m/it' undefined
(Font)              using `OMS/cmtt/m/n' instead
(Font)              for symbol `textbackslash' on input line 249.

LaTeX Info: Redefining \. on input line 249.
LaTeX Info: Redefining \% on input line 249.
[45]
LaTeX Info: Redefining \. on input line 262.
LaTeX Info: Redefining \% on input line 262.
 [46]
LaTeX Info: Redefining \. on input line 277.
LaTeX Info: Redefining \% on input line 277.
 [47]
LaTeX Info: Redefining \. on input line 295.
LaTeX Info: Redefining \% on input line 295.
 [48]
LaTeX Info: Redefining \. on input line 320.
LaTeX Info: Redefining \% on input line 320.
 [49]
LaTeX Info: Redefining \. on input line 330.
LaTeX Info: Redefining \% on input line 330.
 [50]
LaTeX Info: Redefining \. on input line 343.
LaTeX Info: Redefining \% on input line 343.
 [51]
LaTeX Info: Redefining \. on input line 368.
LaTeX Info: Redefining \% on input line 368.
 [52]
LaTeX Info: Redefining \. on input line 390.
LaTeX Info: Redefining \% on input line 390.
 [53]
LaTeX Info: Redefining \. on input line 409.
LaTeX Info: Redefining \% on input line 409.
 [54]
LaTeX Info: Redefining \. on input line 426.
LaTeX Info: Redefining \% on input line 426.
 [55]
LaTeX Info: Redefining \. on input line 436.
LaTeX Info: Redefining \% on input line 436.
 [56]
Overfull \hbox (2.3211pt too wide) in paragraph at lines 444--444
[][]\OT1/cmr/b/n/12 Teorema 2.23 \OT1/cmr/m/n/12 (Teo-re-ma de con-ver-gen-cia 
do-mi-na-da de Le-bes-gue)\OT1/cmr/b/n/12 . []\OT1/cmr/m/it/12 Sea $\OMS/cmtt/m
/it/12 f\OML/cmm/m/it/12 f[]\OMS/cmtt/m/it/12 g[]$
 []

LaTeX Info: Redefining \. on input line 448.
LaTeX Info: Redefining \% on input line 448.
[57]
LaTeX Info: Redefining \. on input line 462.
LaTeX Info: Redefining \% on input line 462.
 [58]
LaTeX Info: Redefining \. on input line 485.
LaTeX Info: Redefining \% on input line 485.
 [59]
LaTeX Info: Redefining \. on input line 494.
LaTeX Info: Redefining \% on input line 494.
 [60]
LaTeX Info: Redefining \. on input line 507.
LaTeX Info: Redefining \% on input line 507.
 [61]
LaTeX Info: Redefining \. on input line 515.
LaTeX Info: Redefining \% on input line 515.
 [62]
LaTeX Info: Redefining \. on input line 534.
LaTeX Info: Redefining \% on input line 534.
 [63]
LaTeX Info: Redefining \. on input line 552.
LaTeX Info: Redefining \% on input line 552.
 [64]
LaTeX Info: Redefining \. on input line 569.
LaTeX Info: Redefining \% on input line 569.
 [65]
LaTeX Info: Redefining \. on input line 581.
LaTeX Info: Redefining \% on input line 581.
 [66]
LaTeX Info: Redefining \. on input line 600.
LaTeX Info: Redefining \% on input line 600.
 [67]
LaTeX Info: Redefining \. on input line 622.
LaTeX Info: Redefining \% on input line 622.
 [68]
LaTeX Info: Redefining \. on input line 635.
LaTeX Info: Redefining \% on input line 635.
 [69]
LaTeX Info: Redefining \. on input line 655.
LaTeX Info: Redefining \% on input line 655.
 [70]
LaTeX Info: Redefining \. on input line 670.
LaTeX Info: Redefining \% on input line 670.
 [71]
LaTeX Info: Redefining \. on input line 674.
LaTeX Info: Redefining \% on input line 674.

[72]
LaTeX Info: Redefining \. on input line 696.
LaTeX Info: Redefining \% on input line 696.
 [73]
LaTeX Info: Redefining \. on input line 714.
LaTeX Info: Redefining \% on input line 714.
 [74]
Overfull \hbox (4.00557pt too wide) in paragraph at lines 719--720
[]\OT1/cmr/m/n/12 Por ^^Sulti-mo, uti-li-za-mos la f^^Sormu-la de Stir-ling y e
l teo-re-ma de Bohr-Mollerup
 []

LaTeX Info: Redefining \. on input line 725.
LaTeX Info: Redefining \% on input line 725.
[75]
LaTeX Info: Redefining \. on input line 746.
LaTeX Info: Redefining \% on input line 746.
 [76]
LaTeX Info: Redefining \. on input line 761.
LaTeX Info: Redefining \% on input line 761.
 [77])
LaTeX Info: Redefining \. on input line 90.
LaTeX Info: Redefining \% on input line 90.
 [78]
\openout2 = `Chapter3.aux'.

 (./Chapter3.tex
Cap\'{\i }tulo 3.

Package hyperref Warning: Token not allowed in a PDF string (PDFDocEncoding):
(hyperref)                removing `math shift' on input line 3.


Package hyperref Warning: Token not allowed in a PDF string (PDFDocEncoding):
(hyperref)                removing `math shift' on input line 3.

) [79



]
\openout2 = `Chapter4.aux'.

 (./Chapter4.tex
Cap\'{\i }tulo 4.
[80



])
LaTeX Info: Redefining \. on input line 92.
LaTeX Info: Redefining \% on input line 92.
 [81]
\openout2 = `Conclusions.aux'.

 (./Conclusions.tex) [82



]
\openout2 = `Bibliography.aux'.

 (./Bibliography.tex [83




]) [84]
Package atveryend Info: Empty hook `BeforeClearDocument' on input line 99.
Package atveryend Info: Empty hook `AfterLastShipout' on input line 99.
 (./Gamma.aux (./Front.aux)
LaTeX Info: Redefining \. on input line 25.
LaTeX Info: Redefining \% on input line 25.
 (./Abstract.aux) (./Introduction.aux) (./Chapter1.aux)
(./Chapter2.aux) (./Chapter3.aux) (./Chapter4.aux) (./Conclusions.aux)
(./Bibliography.aux))
Package atveryend Info: Executing hook `AtVeryEndDocument' on input line 99.
Package atveryend Info: Executing hook `AtEndAfterFileList' on input line 99.
Package rerunfilecheck Info: File `Gamma.out' has not changed.
(rerunfilecheck)             Checksum: A15454BA36DA83E65F5339D746B289BA;928.


LaTeX Font Warning: Some font shapes were not available, defaults substituted.

Package atveryend Info: Empty hook `AtVeryVeryEnd' on input line 99.
 ) 
Here is how much of TeX's memory you used:
 8378 strings out of 481239
 120062 string characters out of 5920376
 402280 words of memory out of 5000000
 23209 multiletter control sequences out of 15000+600000
 545284 words of font info for 73 fonts, out of 8000000 for 9000
 1141 hyphenation exceptions out of 8191
 38i,14n,45p,1209b,624s stack positions out of 5000i,500n,10000p,200000b,80000s
</usr/share/texlive/texmf-dist/fonts/type1/public/amsfonts/cm/cmb10.pfb></usr
/share/texlive/texmf-dist/fonts/type1/public/amsfonts/cm/cmbx12.pfb></usr/share
/texlive/texmf-dist/fonts/type1/public/amsfonts/cm/cmcsc10.pfb></usr/share/texl
ive/texmf-dist/fonts/type1/public/amsfonts/cm/cmex10.pfb></usr/share/texlive/te
xmf-dist/fonts/type1/public/amsfonts/cmextra/cmex8.pfb></usr/share/texlive/texm
f-dist/fonts/type1/public/amsfonts/cm/cmmi12.pfb></usr/share/texlive/texmf-dist
/fonts/type1/public/amsfonts/cm/cmmi6.pfb></usr/share/texlive/texmf-dist/fonts/
type1/public/amsfonts/cm/cmmi8.pfb></usr/share/texlive/texmf-dist/fonts/type1/p
ublic/amsfonts/cm/cmr10.pfb></usr/share/texlive/texmf-dist/fonts/type1/public/a
msfonts/cm/cmr12.pfb></usr/share/texlive/texmf-dist/fonts/type1/public/amsfonts
/cm/cmr6.pfb></usr/share/texlive/texmf-dist/fonts/type1/public/amsfonts/cm/cmr8
.pfb></usr/share/texlive/texmf-dist/fonts/type1/public/amsfonts/cm/cmsy10.pfb><
/usr/share/texlive/texmf-dist/fonts/type1/public/amsfonts/cm/cmsy6.pfb></usr/sh
are/texlive/texmf-dist/fonts/type1/public/amsfonts/cm/cmsy8.pfb></usr/share/tex
live/texmf-dist/fonts/type1/public/amsfonts/cm/cmti12.pfb></usr/share/texlive/t
exmf-dist/fonts/type1/public/amsfonts/cm/cmtt12.pfb></usr/share/texlive/texmf-d
ist/fonts/type1/public/amsfonts/symbols/msbm10.pfb>
Output written on Gamma.pdf (83 pages, 799096 bytes).
PDF statistics:
 714 PDF objects out of 1000 (max. 8388607)
 585 compressed objects within 6 object streams
 193 named destinations out of 1000 (max. 500000)
 150 words of extra memory for PDF output out of 10000 (max. 10000000)

